CRITICAL - 2023-10-26 03:10:19 --> Call to a member function query() on null
in FCPATH\core\core_functions.php on line 153.
 1 APPPATH\Views\ongkir\ongkir.php(24): getWilayah()
 2 SYSTEMPATH\View\View.php(228): include('C:\\laragon\\www\\marmutben-codeigniter4\\app\\Views\\ongkir\\ongkir.php')
 3 SYSTEMPATH\View\View.php(231): CodeIgniter\View\View->CodeIgniter\View\{closure}()
 4 SYSTEMPATH\Common.php(1190): CodeIgniter\View\View->render('ongkir/ongkir', [], true)
 5 APPPATH\Controllers\Ongkir.php(10): view('ongkir/ongkir')
 6 SYSTEMPATH\CodeIgniter.php(942): App\Controllers\Ongkir->index()
 7 SYSTEMPATH\CodeIgniter.php(502): CodeIgniter\CodeIgniter->runController(Object(App\Controllers\Ongkir))
 8 SYSTEMPATH\CodeIgniter.php(361): CodeIgniter\CodeIgniter->handleRequest(null, Object(Config\Cache), false)
 9 FCPATH\index.php(79): CodeIgniter\CodeIgniter->run()
10 SYSTEMPATH\Commands\Server\rewrite.php(47): require_once('C:\\laragon\\www\\marmutben-codeigniter4\\public\\index.php')
CRITICAL - 2023-10-26 03:13:37 --> Call to undefined function getListPromo()
in FCPATH\templates\promo.php on line 13.
 1 APPPATH\Views\ongkir\ongkir.php(79): include()
 2 SYSTEMPATH\View\View.php(228): include('C:\\laragon\\www\\marmutben-codeigniter4\\app\\Views\\ongkir\\ongkir.php')
 3 SYSTEMPATH\View\View.php(231): CodeIgniter\View\View->CodeIgniter\View\{closure}()
 4 SYSTEMPATH\Common.php(1190): CodeIgniter\View\View->render('ongkir/ongkir', [], true)
 5 APPPATH\Controllers\Ongkir.php(15): view('ongkir/ongkir', [...])
 6 SYSTEMPATH\CodeIgniter.php(942): App\Controllers\Ongkir->index()
 7 SYSTEMPATH\CodeIgniter.php(502): CodeIgniter\CodeIgniter->runController(Object(App\Controllers\Ongkir))
 8 SYSTEMPATH\CodeIgniter.php(361): CodeIgniter\CodeIgniter->handleRequest(null, Object(Config\Cache), false)
 9 FCPATH\index.php(79): CodeIgniter\CodeIgniter->run()
10 SYSTEMPATH\Commands\Server\rewrite.php(47): require_once('C:\\laragon\\www\\marmutben-codeigniter4\\public\\index.php')
CRITICAL - 2023-10-26 03:14:12 --> Invalid argument supplied for foreach()
in APPPATH\Views\ongkir\ongkir.php on line 90.
 1 APPPATH\Views\ongkir\ongkir.php(90): CodeIgniter\Debug\Exceptions->errorHandler(2, 'Invalid argument supplied for foreach()', 'C:\\laragon\\www\\marmutben-codeigniter4\\app\\Views\\ongkir\\ongkir.php', 90, [...])
 2 SYSTEMPATH\View\View.php(228): include('C:\\laragon\\www\\marmutben-codeigniter4\\app\\Views\\ongkir\\ongkir.php')
 3 SYSTEMPATH\View\View.php(231): CodeIgniter\View\View->CodeIgniter\View\{closure}()
 4 SYSTEMPATH\Common.php(1190): CodeIgniter\View\View->render('ongkir/ongkir', [], true)
 5 APPPATH\Controllers\Ongkir.php(15): view('ongkir/ongkir', [...])
 6 SYSTEMPATH\CodeIgniter.php(942): App\Controllers\Ongkir->index()
 7 SYSTEMPATH\CodeIgniter.php(502): CodeIgniter\CodeIgniter->runController(Object(App\Controllers\Ongkir))
 8 SYSTEMPATH\CodeIgniter.php(361): CodeIgniter\CodeIgniter->handleRequest(null, Object(Config\Cache), false)
 9 FCPATH\index.php(79): CodeIgniter\CodeIgniter->run()
10 SYSTEMPATH\Commands\Server\rewrite.php(47): require_once('C:\\laragon\\www\\marmutben-codeigniter4\\public\\index.php')
CRITICAL - 2023-10-26 04:09:04 --> Call to a member function query() on null
in FCPATH\core\core_functions.php on line 210.
 1 APPPATH\Views\paket\paket.php(23): getPaketMarmut()
 2 SYSTEMPATH\View\View.php(228): include('C:\\laragon\\www\\marmutben-codeigniter4\\app\\Views\\paket\\paket.php')
 3 SYSTEMPATH\View\View.php(231): CodeIgniter\View\View->CodeIgniter\View\{closure}()
 4 SYSTEMPATH\Common.php(1190): CodeIgniter\View\View->render('paket/paket', [], true)
 5 APPPATH\Controllers\Paket.php(12): view('paket/paket')
 6 SYSTEMPATH\CodeIgniter.php(942): App\Controllers\Paket->index()
 7 SYSTEMPATH\CodeIgniter.php(502): CodeIgniter\CodeIgniter->runController(Object(App\Controllers\Paket))
 8 SYSTEMPATH\CodeIgniter.php(361): CodeIgniter\CodeIgniter->handleRequest(null, Object(Config\Cache), false)
 9 FCPATH\index.php(79): CodeIgniter\CodeIgniter->run()
10 SYSTEMPATH\Commands\Server\rewrite.php(47): require_once('C:\\laragon\\www\\marmutben-codeigniter4\\public\\index.php')
CRITICAL - 2023-10-26 04:11:26 --> Invalid argument supplied for foreach()
in APPPATH\Views\paket\paket.php on line 23.
 1 APPPATH\Views\paket\paket.php(23): CodeIgniter\Debug\Exceptions->errorHandler(2, 'Invalid argument supplied for foreach()', 'C:\\laragon\\www\\marmutben-codeigniter4\\app\\Views\\paket\\paket.php', 23, [...])
 2 SYSTEMPATH\View\View.php(228): include('C:\\laragon\\www\\marmutben-codeigniter4\\app\\Views\\paket\\paket.php')
 3 SYSTEMPATH\View\View.php(231): CodeIgniter\View\View->CodeIgniter\View\{closure}()
 4 SYSTEMPATH\Common.php(1190): CodeIgniter\View\View->render('paket/paket', [], true)
 5 APPPATH\Controllers\Paket.php(14): view('paket/paket')
 6 SYSTEMPATH\CodeIgniter.php(942): App\Controllers\Paket->index()
 7 SYSTEMPATH\CodeIgniter.php(502): CodeIgniter\CodeIgniter->runController(Object(App\Controllers\Paket))
 8 SYSTEMPATH\CodeIgniter.php(361): CodeIgniter\CodeIgniter->handleRequest(null, Object(Config\Cache), false)
 9 FCPATH\index.php(79): CodeIgniter\CodeIgniter->run()
10 SYSTEMPATH\Commands\Server\rewrite.php(47): require_once('C:\\laragon\\www\\marmutben-codeigniter4\\public\\index.php')
CRITICAL - 2023-10-26 04:11:38 --> Call to a member function query() on null
in FCPATH\core\core_functions.php on line 85.
 1 FCPATH\templates\promo.php(13): getListPromo()
 2 APPPATH\Views\paket\paket.php(85): include('C:\\laragon\\www\\marmutben-codeigniter4\\public\\templates\\promo.php')
 3 SYSTEMPATH\View\View.php(228): include('C:\\laragon\\www\\marmutben-codeigniter4\\app\\Views\\paket\\paket.php')
 4 SYSTEMPATH\View\View.php(231): CodeIgniter\View\View->CodeIgniter\View\{closure}()
 5 SYSTEMPATH\Common.php(1190): CodeIgniter\View\View->render('paket/paket', [], true)
 6 APPPATH\Controllers\Paket.php(14): view('paket/paket', [...])
 7 SYSTEMPATH\CodeIgniter.php(942): App\Controllers\Paket->index()
 8 SYSTEMPATH\CodeIgniter.php(502): CodeIgniter\CodeIgniter->runController(Object(App\Controllers\Paket))
 9 SYSTEMPATH\CodeIgniter.php(361): CodeIgniter\CodeIgniter->handleRequest(null, Object(Config\Cache), false)
10 FCPATH\index.php(79): CodeIgniter\CodeIgniter->run()
11 SYSTEMPATH\Commands\Server\rewrite.php(47): require_once('C:\\laragon\\www\\marmutben-codeigniter4\\public\\index.php')
CRITICAL - 2023-10-26 04:12:05 --> Invalid argument supplied for foreach()
in APPPATH\Views\paket\paket.php on line 95.
 1 APPPATH\Views\paket\paket.php(95): CodeIgniter\Debug\Exceptions->errorHandler(2, 'Invalid argument supplied for foreach()', 'C:\\laragon\\www\\marmutben-codeigniter4\\app\\Views\\paket\\paket.php', 95, [...])
 2 SYSTEMPATH\View\View.php(228): include('C:\\laragon\\www\\marmutben-codeigniter4\\app\\Views\\paket\\paket.php')
 3 SYSTEMPATH\View\View.php(231): CodeIgniter\View\View->CodeIgniter\View\{closure}()
 4 SYSTEMPATH\Common.php(1190): CodeIgniter\View\View->render('paket/paket', [], true)
 5 APPPATH\Controllers\Paket.php(14): view('paket/paket', [...])
 6 SYSTEMPATH\CodeIgniter.php(942): App\Controllers\Paket->index()
 7 SYSTEMPATH\CodeIgniter.php(502): CodeIgniter\CodeIgniter->runController(Object(App\Controllers\Paket))
 8 SYSTEMPATH\CodeIgniter.php(361): CodeIgniter\CodeIgniter->handleRequest(null, Object(Config\Cache), false)
 9 FCPATH\index.php(79): CodeIgniter\CodeIgniter->run()
10 SYSTEMPATH\Commands\Server\rewrite.php(47): require_once('C:\\laragon\\www\\marmutben-codeigniter4\\public\\index.php')
CRITICAL - 2023-10-26 04:34:10 --> Call to a member function query() on null
in FCPATH\core\core_functions.php on line 102.
 1 APPPATH\Views\marmut\marmut-detail.php(5): getDetailMarmut(null, null)
 2 SYSTEMPATH\View\View.php(228): include('C:\\laragon\\www\\marmutben-codeigniter4\\app\\Views\\marmut\\marmut-detail.php')
 3 SYSTEMPATH\View\View.php(231): CodeIgniter\View\View->CodeIgniter\View\{closure}()
 4 SYSTEMPATH\Common.php(1190): CodeIgniter\View\View->render('marmut/marmut-detail', [], true)
 5 APPPATH\Controllers\Marmut.php(9): view('marmut/marmut-detail')
 6 SYSTEMPATH\CodeIgniter.php(942): App\Controllers\Marmut->details('29', '1')
 7 SYSTEMPATH\CodeIgniter.php(502): CodeIgniter\CodeIgniter->runController(Object(App\Controllers\Marmut))
 8 SYSTEMPATH\CodeIgniter.php(361): CodeIgniter\CodeIgniter->handleRequest(null, Object(Config\Cache), false)
 9 FCPATH\index.php(79): CodeIgniter\CodeIgniter->run()
10 SYSTEMPATH\Commands\Server\rewrite.php(47): require_once('C:\\laragon\\www\\marmutben-codeigniter4\\public\\index.php')
CRITICAL - 2023-10-26 04:41:12 --> Call to a member function query() on null
in FCPATH\core\core_functions.php on line 102.
 1 APPPATH\Views\marmut\marmut-detail.php(5): getDetailMarmut(null, null)
 2 SYSTEMPATH\View\View.php(228): include('C:\\laragon\\www\\marmutben-codeigniter4\\app\\Views\\marmut\\marmut-detail.php')
 3 SYSTEMPATH\View\View.php(231): CodeIgniter\View\View->CodeIgniter\View\{closure}()
 4 SYSTEMPATH\Common.php(1190): CodeIgniter\View\View->render('marmut/marmut-detail', [], true)
 5 APPPATH\Controllers\Marmut.php(21): view('marmut/marmut-detail')
 6 SYSTEMPATH\CodeIgniter.php(942): App\Controllers\Marmut->details('29', '1')
 7 SYSTEMPATH\CodeIgniter.php(502): CodeIgniter\CodeIgniter->runController(Object(App\Controllers\Marmut))
 8 SYSTEMPATH\CodeIgniter.php(361): CodeIgniter\CodeIgniter->handleRequest(null, Object(Config\Cache), false)
 9 FCPATH\index.php(79): CodeIgniter\CodeIgniter->run()
10 SYSTEMPATH\Commands\Server\rewrite.php(47): require_once('C:\\laragon\\www\\marmutben-codeigniter4\\public\\index.php')
CRITICAL - 2023-10-26 04:43:32 --> Call to a member function query() on null
in FCPATH\core\core_functions.php on line 102.
 1 APPPATH\Views\marmut\marmut-detail.php(5): getDetailMarmut(null, null)
 2 SYSTEMPATH\View\View.php(228): include('C:\\laragon\\www\\marmutben-codeigniter4\\app\\Views\\marmut\\marmut-detail.php')
 3 SYSTEMPATH\View\View.php(231): CodeIgniter\View\View->CodeIgniter\View\{closure}()
 4 SYSTEMPATH\Common.php(1190): CodeIgniter\View\View->render('marmut/marmut-detail', [], true)
 5 APPPATH\Controllers\Marmut.php(21): view('marmut/marmut-detail', [...])
 6 SYSTEMPATH\CodeIgniter.php(942): App\Controllers\Marmut->details('29', '1')
 7 SYSTEMPATH\CodeIgniter.php(502): CodeIgniter\CodeIgniter->runController(Object(App\Controllers\Marmut))
 8 SYSTEMPATH\CodeIgniter.php(361): CodeIgniter\CodeIgniter->handleRequest(null, Object(Config\Cache), false)
 9 FCPATH\index.php(79): CodeIgniter\CodeIgniter->run()
10 SYSTEMPATH\Commands\Server\rewrite.php(47): require_once('C:\\laragon\\www\\marmutben-codeigniter4\\public\\index.php')
CRITICAL - 2023-10-26 04:43:46 --> Call to a member function query() on null
in FCPATH\core\core_functions.php on line 85.
 1 FCPATH\templates\promo.php(13): getListPromo()
 2 APPPATH\Views\marmut\marmut-detail.php(156): include('C:\\laragon\\www\\marmutben-codeigniter4\\public\\templates\\promo.php')
 3 SYSTEMPATH\View\View.php(228): include('C:\\laragon\\www\\marmutben-codeigniter4\\app\\Views\\marmut\\marmut-detail.php')
 4 SYSTEMPATH\View\View.php(231): CodeIgniter\View\View->CodeIgniter\View\{closure}()
 5 SYSTEMPATH\Common.php(1190): CodeIgniter\View\View->render('marmut/marmut-detail', [], true)
 6 APPPATH\Controllers\Marmut.php(21): view('marmut/marmut-detail', [...])
 7 SYSTEMPATH\CodeIgniter.php(942): App\Controllers\Marmut->details('29', '1')
 8 SYSTEMPATH\CodeIgniter.php(502): CodeIgniter\CodeIgniter->runController(Object(App\Controllers\Marmut))
 9 SYSTEMPATH\CodeIgniter.php(361): CodeIgniter\CodeIgniter->handleRequest(null, Object(Config\Cache), false)
10 FCPATH\index.php(79): CodeIgniter\CodeIgniter->run()
11 SYSTEMPATH\Commands\Server\rewrite.php(47): require_once('C:\\laragon\\www\\marmutben-codeigniter4\\public\\index.php')
CRITICAL - 2023-10-26 04:44:27 --> Invalid argument supplied for foreach()
in APPPATH\Views\marmut\marmut-detail.php on line 167.
 1 APPPATH\Views\marmut\marmut-detail.php(167): CodeIgniter\Debug\Exceptions->errorHandler(2, 'Invalid argument supplied for foreach()', 'C:\\laragon\\www\\marmutben-codeigniter4\\app\\Views\\marmut\\marmut-detail.php', 167, [...])
 2 SYSTEMPATH\View\View.php(228): include('C:\\laragon\\www\\marmutben-codeigniter4\\app\\Views\\marmut\\marmut-detail.php')
 3 SYSTEMPATH\View\View.php(231): CodeIgniter\View\View->CodeIgniter\View\{closure}()
 4 SYSTEMPATH\Common.php(1190): CodeIgniter\View\View->render('marmut/marmut-detail', [], true)
 5 APPPATH\Controllers\Marmut.php(21): view('marmut/marmut-detail', [...])
 6 SYSTEMPATH\CodeIgniter.php(942): App\Controllers\Marmut->details('29', '1')
 7 SYSTEMPATH\CodeIgniter.php(502): CodeIgniter\CodeIgniter->runController(Object(App\Controllers\Marmut))
 8 SYSTEMPATH\CodeIgniter.php(361): CodeIgniter\CodeIgniter->handleRequest(null, Object(Config\Cache), false)
 9 FCPATH\index.php(79): CodeIgniter\CodeIgniter->run()
10 SYSTEMPATH\Commands\Server\rewrite.php(47): require_once('C:\\laragon\\www\\marmutben-codeigniter4\\public\\index.php')
CRITICAL - 2023-10-26 07:14:29 --> mysqli_query() expects parameter 1 to be mysqli, null given
in APPPATH\Views\marmut\marmut-detail.php on line 7.
 1 [internal function]: CodeIgniter\Debug\Exceptions->errorHandler(2, 'mysqli_query() expects parameter 1 to be mysqli, null given', 'C:\\laragon\\www\\marmutben-codeigniter4\\app\\Views\\marmut\\marmut-detail.php', 7, [...])
 2 APPPATH\Views\marmut\marmut-detail.php(7): mysqli_query(null, '
      SELECT value FROM t_marmutben_config WHERE id = 1
   ')
 3 SYSTEMPATH\View\View.php(228): include('C:\\laragon\\www\\marmutben-codeigniter4\\app\\Views\\marmut\\marmut-detail.php')
 4 SYSTEMPATH\View\View.php(231): CodeIgniter\View\View->CodeIgniter\View\{closure}()
 5 SYSTEMPATH\Common.php(1190): CodeIgniter\View\View->render('marmut/marmut-detail', [], true)
 6 APPPATH\Controllers\Marmut.php(26): view('marmut/marmut-detail', [...])
 7 SYSTEMPATH\CodeIgniter.php(942): App\Controllers\Marmut->details('29', '1')
 8 SYSTEMPATH\CodeIgniter.php(502): CodeIgniter\CodeIgniter->runController(Object(App\Controllers\Marmut))
 9 SYSTEMPATH\CodeIgniter.php(361): CodeIgniter\CodeIgniter->handleRequest(null, Object(Config\Cache), false)
10 FCPATH\index.php(79): CodeIgniter\CodeIgniter->run()
11 SYSTEMPATH\Commands\Server\rewrite.php(47): require_once('C:\\laragon\\www\\marmutben-codeigniter4\\public\\index.php')
CRITICAL - 2023-10-26 08:01:25 --> Call to a member function getResultArray() on bool
in APPPATH\Models\Mmarmut.php on line 61.
 1 APPPATH\Controllers\Marmut.php(42): App\Models\Mmarmut->updateHitCategories(174, '1')
 2 SYSTEMPATH\CodeIgniter.php(942): App\Controllers\Marmut->hit('29', '1')
 3 SYSTEMPATH\CodeIgniter.php(502): CodeIgniter\CodeIgniter->runController(Object(App\Controllers\Marmut))
 4 SYSTEMPATH\CodeIgniter.php(361): CodeIgniter\CodeIgniter->handleRequest(null, Object(Config\Cache), false)
 5 FCPATH\index.php(79): CodeIgniter\CodeIgniter->run()
 6 SYSTEMPATH\Commands\Server\rewrite.php(47): require_once('C:\\laragon\\www\\marmutben-codeigniter4\\public\\index.php')
CRITICAL - 2023-10-26 08:01:48 --> Call to a member function getResultArray() on bool
in APPPATH\Models\Mmarmut.php on line 61.
 1 APPPATH\Controllers\Marmut.php(42): App\Models\Mmarmut->updateHitCategories(175, '1')
 2 SYSTEMPATH\CodeIgniter.php(942): App\Controllers\Marmut->hit('29', '1')
 3 SYSTEMPATH\CodeIgniter.php(502): CodeIgniter\CodeIgniter->runController(Object(App\Controllers\Marmut))
 4 SYSTEMPATH\CodeIgniter.php(361): CodeIgniter\CodeIgniter->handleRequest(null, Object(Config\Cache), false)
 5 FCPATH\index.php(79): CodeIgniter\CodeIgniter->run()
 6 SYSTEMPATH\Commands\Server\rewrite.php(47): require_once('C:\\laragon\\www\\marmutben-codeigniter4\\public\\index.php')
CRITICAL - 2023-10-26 11:04:41 --> Undefined array key "id"
in APPPATH\Views\kategori\kategori.php on line 258.
 1 APPPATH\Views\kategori\kategori.php(258): CodeIgniter\Debug\Exceptions->errorHandler(2, 'Undefined array key "id"', 'C:\\laragon\\www\\marmutben-codeigniter4\\app\\Views\\kategori\\kategori.php', 258)
 2 SYSTEMPATH\View\View.php(228): include('C:\\laragon\\www\\marmutben-codeigniter4\\app\\Views\\kategori\\kategori.php')
 3 SYSTEMPATH\View\View.php(231): CodeIgniter\View\View->CodeIgniter\View\{closure}()
 4 SYSTEMPATH\Common.php(1190): CodeIgniter\View\View->render('kategori/kategori', [], true)
 5 APPPATH\Controllers\Kategori.php(21): view('kategori/kategori', [...])
 6 SYSTEMPATH\CodeIgniter.php(942): App\Controllers\Kategori->index()
 7 SYSTEMPATH\CodeIgniter.php(502): CodeIgniter\CodeIgniter->runController(Object(App\Controllers\Kategori))
 8 SYSTEMPATH\CodeIgniter.php(361): CodeIgniter\CodeIgniter->handleRequest(null, Object(Config\Cache), false)
 9 FCPATH\index.php(79): CodeIgniter\CodeIgniter->run()
