ERROR - 2023-11-01 08:07:47 --> mysqli_sql_exception: Unknown column 'username' in 'where clause' in C:\laragon\www\marmutben-codeigniter4\system\Database\MySQLi\Connection.php:306
Stack trace:
#0 C:\laragon\www\marmutben-codeigniter4\system\Database\MySQLi\Connection.php(306): mysqli->query('\r\n            S...', 0)
#1 C:\laragon\www\marmutben-codeigniter4\system\Database\BaseConnection.php(693): CodeIgniter\Database\MySQLi\Connection->execute('\r\n            S...')
#2 C:\laragon\www\marmutben-codeigniter4\system\Database\BaseConnection.php(607): CodeIgniter\Database\BaseConnection->simpleQuery('\r\n            S...')
#3 C:\laragon\www\marmutben-codeigniter4\app\Models\MAdminlogin.php(16): CodeIgniter\Database\BaseConnection->query('\r\n            S...')
#4 C:\laragon\www\marmutben-codeigniter4\app\Controllers\AdminLogin.php(21): App\Models\MAdminlogin->getAccLogin('admin', 'admin')
#5 C:\laragon\www\marmutben-codeigniter4\system\CodeIgniter.php(942): App\Controllers\AdminLogin->login()
#6 C:\laragon\www\marmutben-codeigniter4\system\CodeIgniter.php(502): CodeIgniter\CodeIgniter->runController(Object(App\Controllers\AdminLogin))
#7 C:\laragon\www\marmutben-codeigniter4\system\CodeIgniter.php(361): CodeIgniter\CodeIgniter->handleRequest(NULL, Object(Config\Cache), false)
#8 C:\laragon\www\marmutben-codeigniter4\index.php(79): CodeIgniter\CodeIgniter->run()
#9 {main}
CRITICAL - 2023-11-01 08:07:47 --> Unknown column 'username' in 'where clause'
in SYSTEMPATH\Database\BaseConnection.php on line 647.
 1 APPPATH\Models\MAdminlogin.php(16): CodeIgniter\Database\BaseConnection->query('
            SELECT * FROM t_marmutben_config 
            WHERE id = 2 
            AND username = \'admin\' 
            AND password = \'admin\'
        ')
 2 APPPATH\Controllers\AdminLogin.php(21): App\Models\MAdminlogin->getAccLogin('admin', 'admin')
 3 SYSTEMPATH\CodeIgniter.php(942): App\Controllers\AdminLogin->login()
 4 SYSTEMPATH\CodeIgniter.php(502): CodeIgniter\CodeIgniter->runController(Object(App\Controllers\AdminLogin))
 5 SYSTEMPATH\CodeIgniter.php(361): CodeIgniter\CodeIgniter->handleRequest(null, Object(Config\Cache), false)
 6 FCPATH\index.php(79): CodeIgniter\CodeIgniter->run()
CRITICAL - 2023-11-01 08:08:13 --> Undefined array key "id"
in APPPATH\Controllers\AdminLogin.php on line 26.
 1 APPPATH\Controllers\AdminLogin.php(26): CodeIgniter\Debug\Exceptions->errorHandler(2, 'Undefined array key "id"', 'C:\\laragon\\www\\marmutben-codeigniter4\\app\\Controllers\\AdminLogin.php', 26)
 2 SYSTEMPATH\CodeIgniter.php(942): App\Controllers\AdminLogin->login()
 3 SYSTEMPATH\CodeIgniter.php(502): CodeIgniter\CodeIgniter->runController(Object(App\Controllers\AdminLogin))
 4 SYSTEMPATH\CodeIgniter.php(361): CodeIgniter\CodeIgniter->handleRequest(null, Object(Config\Cache), false)
 5 FCPATH\index.php(79): CodeIgniter\CodeIgniter->run()
CRITICAL - 2023-11-01 08:08:29 --> Undefined array key "id"
in APPPATH\Controllers\AdminLogin.php on line 26.
 1 APPPATH\Controllers\AdminLogin.php(26): CodeIgniter\Debug\Exceptions->errorHandler(2, 'Undefined array key "id"', 'C:\\laragon\\www\\marmutben-codeigniter4\\app\\Controllers\\AdminLogin.php', 26)
 2 SYSTEMPATH\CodeIgniter.php(942): App\Controllers\AdminLogin->login()
 3 SYSTEMPATH\CodeIgniter.php(502): CodeIgniter\CodeIgniter->runController(Object(App\Controllers\AdminLogin))
 4 SYSTEMPATH\CodeIgniter.php(361): CodeIgniter\CodeIgniter->handleRequest(null, Object(Config\Cache), false)
 5 FCPATH\index.php(79): CodeIgniter\CodeIgniter->run()
CRITICAL - 2023-11-01 09:34:05 --> "auth" filter must have a matching alias defined.
in SYSTEMPATH\Filters\Filters.php on line 354.
 1 SYSTEMPATH\Filters\Filters.php(354): CodeIgniter\Filters\Exceptions\FilterException::forNoAlias('auth')
 2 SYSTEMPATH\CodeIgniter.php(467): CodeIgniter\Filters\Filters->enableFilter('auth', 'before')
 3 SYSTEMPATH\CodeIgniter.php(361): CodeIgniter\CodeIgniter->handleRequest(null, Object(Config\Cache), false)
 4 FCPATH\index.php(79): CodeIgniter\CodeIgniter->run()
CRITICAL - 2023-11-01 09:34:54 --> "auth" filter must have a matching alias defined.
in SYSTEMPATH\Filters\Filters.php on line 354.
 1 SYSTEMPATH\Filters\Filters.php(354): CodeIgniter\Filters\Exceptions\FilterException::forNoAlias('auth')
 2 SYSTEMPATH\CodeIgniter.php(467): CodeIgniter\Filters\Filters->enableFilter('auth', 'before')
 3 SYSTEMPATH\CodeIgniter.php(361): CodeIgniter\CodeIgniter->handleRequest(null, Object(Config\Cache), false)
 4 FCPATH\index.php(79): CodeIgniter\CodeIgniter->run()
CRITICAL - 2023-11-01 09:35:04 --> "auth" filter must have a matching alias defined.
in SYSTEMPATH\Filters\Filters.php on line 354.
 1 SYSTEMPATH\Filters\Filters.php(354): CodeIgniter\Filters\Exceptions\FilterException::forNoAlias('auth')
 2 SYSTEMPATH\CodeIgniter.php(467): CodeIgniter\Filters\Filters->enableFilter('auth', 'before')
 3 SYSTEMPATH\CodeIgniter.php(361): CodeIgniter\CodeIgniter->handleRequest(null, Object(Config\Cache), false)
 4 FCPATH\index.php(79): CodeIgniter\CodeIgniter->run()
CRITICAL - 2023-11-01 09:36:09 --> "auth" filter must have a matching alias defined.
in SYSTEMPATH\Filters\Filters.php on line 354.
 1 SYSTEMPATH\Filters\Filters.php(354): CodeIgniter\Filters\Exceptions\FilterException::forNoAlias('auth')
 2 SYSTEMPATH\CodeIgniter.php(467): CodeIgniter\Filters\Filters->enableFilter('auth', 'before')
 3 SYSTEMPATH\CodeIgniter.php(361): CodeIgniter\CodeIgniter->handleRequest(null, Object(Config\Cache), false)
 4 FCPATH\index.php(79): CodeIgniter\CodeIgniter->run()
CRITICAL - 2023-11-01 09:39:34 --> "sessioncheck" filter must have a matching alias defined.
in SYSTEMPATH\Filters\Filters.php on line 354.
 1 SYSTEMPATH\Filters\Filters.php(354): CodeIgniter\Filters\Exceptions\FilterException::forNoAlias('sessioncheck')
 2 SYSTEMPATH\CodeIgniter.php(467): CodeIgniter\Filters\Filters->enableFilter('sessioncheck', 'before')
 3 SYSTEMPATH\CodeIgniter.php(361): CodeIgniter\CodeIgniter->handleRequest(null, Object(Config\Cache), false)
 4 FCPATH\index.php(79): CodeIgniter\CodeIgniter->run()
CRITICAL - 2023-11-01 09:39:36 --> "sessioncheck" filter must have a matching alias defined.
in SYSTEMPATH\Filters\Filters.php on line 354.
 1 SYSTEMPATH\Filters\Filters.php(354): CodeIgniter\Filters\Exceptions\FilterException::forNoAlias('sessioncheck')
 2 SYSTEMPATH\CodeIgniter.php(467): CodeIgniter\Filters\Filters->enableFilter('sessioncheck', 'before')
 3 SYSTEMPATH\CodeIgniter.php(361): CodeIgniter\CodeIgniter->handleRequest(null, Object(Config\Cache), false)
 4 FCPATH\index.php(79): CodeIgniter\CodeIgniter->run()
CRITICAL - 2023-11-01 09:39:36 --> "sessioncheck" filter must have a matching alias defined.
in SYSTEMPATH\Filters\Filters.php on line 354.
 1 SYSTEMPATH\Filters\Filters.php(354): CodeIgniter\Filters\Exceptions\FilterException::forNoAlias('sessioncheck')
 2 SYSTEMPATH\CodeIgniter.php(467): CodeIgniter\Filters\Filters->enableFilter('sessioncheck', 'before')
 3 SYSTEMPATH\CodeIgniter.php(361): CodeIgniter\CodeIgniter->handleRequest(null, Object(Config\Cache), false)
 4 FCPATH\index.php(79): CodeIgniter\CodeIgniter->run()
CRITICAL - 2023-11-01 09:39:37 --> "sessioncheck" filter must have a matching alias defined.
in SYSTEMPATH\Filters\Filters.php on line 354.
 1 SYSTEMPATH\Filters\Filters.php(354): CodeIgniter\Filters\Exceptions\FilterException::forNoAlias('sessioncheck')
 2 SYSTEMPATH\CodeIgniter.php(467): CodeIgniter\Filters\Filters->enableFilter('sessioncheck', 'before')
 3 SYSTEMPATH\CodeIgniter.php(361): CodeIgniter\CodeIgniter->handleRequest(null, Object(Config\Cache), false)
 4 FCPATH\index.php(79): CodeIgniter\CodeIgniter->run()
CRITICAL - 2023-11-01 09:39:37 --> "sessioncheck" filter must have a matching alias defined.
in SYSTEMPATH\Filters\Filters.php on line 354.
 1 SYSTEMPATH\Filters\Filters.php(354): CodeIgniter\Filters\Exceptions\FilterException::forNoAlias('sessioncheck')
 2 SYSTEMPATH\CodeIgniter.php(467): CodeIgniter\Filters\Filters->enableFilter('sessioncheck', 'before')
 3 SYSTEMPATH\CodeIgniter.php(361): CodeIgniter\CodeIgniter->handleRequest(null, Object(Config\Cache), false)
 4 FCPATH\index.php(79): CodeIgniter\CodeIgniter->run()
