CRITICAL - 2023-11-02 08:02:21 --> Undefined array key "kategori_marmut"
in APPPATH\Controllers\Marmut.php on line 76.
 1 APPPATH\Controllers\Marmut.php(76): CodeIgniter\Debug\Exceptions->errorHandler(2, 'Undefined array key "kategori_marmut"', 'C:\\laragon\\www\\marmutben-codeigniter4\\app\\Controllers\\Marmut.php', 76)
 2 SYSTEMPATH\CodeIgniter.php(942): App\Controllers\Marmut->buy()
 3 SYSTEMPATH\CodeIgniter.php(502): CodeIgniter\CodeIgniter->runController(Object(App\Controllers\Marmut))
 4 SYSTEMPATH\CodeIgniter.php(361): CodeIgniter\CodeIgniter->handleRequest(null, Object(Config\Cache), false)
 5 FCPATH\index.php(79): CodeIgniter\CodeIgniter->run()
CRITICAL - 2023-11-02 08:04:53 --> Undefined array key "categories_id"
in APPPATH\Views\marmut\marmut-detail.php on line 126.
 1 APPPATH\Views\marmut\marmut-detail.php(126): CodeIgniter\Debug\Exceptions->errorHandler(2, 'Undefined array key "categories_id"', 'C:\\laragon\\www\\marmutben-codeigniter4\\app\\Views\\marmut\\marmut-detail.php', 126)
 2 SYSTEMPATH\View\View.php(228): include('C:\\laragon\\www\\marmutben-codeigniter4\\app\\Views\\marmut\\marmut-detail.php')
 3 SYSTEMPATH\View\View.php(231): CodeIgniter\View\View->CodeIgniter\View\{closure}()
 4 SYSTEMPATH\Common.php(1190): CodeIgniter\View\View->render('marmut/marmut-detail', [], true)
 5 APPPATH\Controllers\Marmut.php(29): view('marmut/marmut-detail', [...])
 6 SYSTEMPATH\CodeIgniter.php(942): App\Controllers\Marmut->details('7', '2')
 7 SYSTEMPATH\CodeIgniter.php(502): CodeIgniter\CodeIgniter->runController(Object(App\Controllers\Marmut))
 8 SYSTEMPATH\CodeIgniter.php(361): CodeIgniter\CodeIgniter->handleRequest(null, Object(Config\Cache), false)
 9 FCPATH\index.php(79): CodeIgniter\CodeIgniter->run()
CRITICAL - 2023-11-02 08:04:54 --> Undefined array key "categories_id"
in APPPATH\Views\marmut\marmut-detail.php on line 126.
 1 APPPATH\Views\marmut\marmut-detail.php(126): CodeIgniter\Debug\Exceptions->errorHandler(2, 'Undefined array key "categories_id"', 'C:\\laragon\\www\\marmutben-codeigniter4\\app\\Views\\marmut\\marmut-detail.php', 126)
 2 SYSTEMPATH\View\View.php(228): include('C:\\laragon\\www\\marmutben-codeigniter4\\app\\Views\\marmut\\marmut-detail.php')
 3 SYSTEMPATH\View\View.php(231): CodeIgniter\View\View->CodeIgniter\View\{closure}()
 4 SYSTEMPATH\Common.php(1190): CodeIgniter\View\View->render('marmut/marmut-detail', [], true)
 5 APPPATH\Controllers\Marmut.php(29): view('marmut/marmut-detail', [...])
 6 SYSTEMPATH\CodeIgniter.php(942): App\Controllers\Marmut->details('7', '2')
 7 SYSTEMPATH\CodeIgniter.php(502): CodeIgniter\CodeIgniter->runController(Object(App\Controllers\Marmut))
 8 SYSTEMPATH\CodeIgniter.php(361): CodeIgniter\CodeIgniter->handleRequest(null, Object(Config\Cache), false)
 9 FCPATH\index.php(79): CodeIgniter\CodeIgniter->run()
CRITICAL - 2023-11-02 08:04:55 --> Undefined array key "categories_id"
in APPPATH\Views\marmut\marmut-detail.php on line 126.
 1 APPPATH\Views\marmut\marmut-detail.php(126): CodeIgniter\Debug\Exceptions->errorHandler(2, 'Undefined array key "categories_id"', 'C:\\laragon\\www\\marmutben-codeigniter4\\app\\Views\\marmut\\marmut-detail.php', 126)
 2 SYSTEMPATH\View\View.php(228): include('C:\\laragon\\www\\marmutben-codeigniter4\\app\\Views\\marmut\\marmut-detail.php')
 3 SYSTEMPATH\View\View.php(231): CodeIgniter\View\View->CodeIgniter\View\{closure}()
 4 SYSTEMPATH\Common.php(1190): CodeIgniter\View\View->render('marmut/marmut-detail', [], true)
 5 APPPATH\Controllers\Marmut.php(29): view('marmut/marmut-detail', [...])
 6 SYSTEMPATH\CodeIgniter.php(942): App\Controllers\Marmut->details('7', '2')
 7 SYSTEMPATH\CodeIgniter.php(502): CodeIgniter\CodeIgniter->runController(Object(App\Controllers\Marmut))
 8 SYSTEMPATH\CodeIgniter.php(361): CodeIgniter\CodeIgniter->handleRequest(null, Object(Config\Cache), false)
 9 FCPATH\index.php(79): CodeIgniter\CodeIgniter->run()
