CRITICAL - 2023-10-29 06:34:51 --> Invalid file: "admin/log/log.php"
in SYSTEMPATH\Exceptions\FrameworkException.php on line 39.
 1 SYSTEMPATH\View\View.php(216): CodeIgniter\Exceptions\FrameworkException::forInvalidFile('admin/log/log.php')
 2 SYSTEMPATH\Common.php(1190): CodeIgniter\View\View->render('admin/log/log', [], true)
 3 APPPATH\Controllers\AdminHome.php(18): view('admin/log/log')
 4 SYSTEMPATH\CodeIgniter.php(942): App\Controllers\AdminHome->log()
 5 SYSTEMPATH\CodeIgniter.php(502): CodeIgniter\CodeIgniter->runController(Object(App\Controllers\AdminHome))
 6 SYSTEMPATH\CodeIgniter.php(361): CodeIgniter\CodeIgniter->handleRequest(null, Object(Config\Cache), false)
 7 FCPATH\index.php(79): CodeIgniter\CodeIgniter->run()
CRITICAL - 2023-10-29 06:35:38 --> Undefined variable $countCategories
in APPPATH\Views\admin\index\index.php on line 36.
 1 APPPATH\Views\admin\index\index.php(36): CodeIgniter\Debug\Exceptions->errorHandler(2, 'Undefined variable $countCategories', 'C:\\laragon\\www\\marmutben-codeigniter4\\app\\Views\\admin\\index\\index.php', 36)
 2 SYSTEMPATH\View\View.php(228): include('C:\\laragon\\www\\marmutben-codeigniter4\\app\\Views\\admin\\index\\index.php')
 3 SYSTEMPATH\View\View.php(231): CodeIgniter\View\View->CodeIgniter\View\{closure}()
 4 SYSTEMPATH\Common.php(1190): CodeIgniter\View\View->render('admin/index/index', [], true)
 5 APPPATH\Controllers\AdminHome.php(18): view('admin/index/index')
 6 SYSTEMPATH\CodeIgniter.php(942): App\Controllers\AdminHome->log()
 7 SYSTEMPATH\CodeIgniter.php(502): CodeIgniter\CodeIgniter->runController(Object(App\Controllers\AdminHome))
 8 SYSTEMPATH\CodeIgniter.php(361): CodeIgniter\CodeIgniter->handleRequest(null, Object(Config\Cache), false)
 9 FCPATH\index.php(79): CodeIgniter\CodeIgniter->run()
CRITICAL - 2023-10-29 06:44:56 --> include(template/sidebar.php): Failed to open stream: No such file or directory
in APPPATH\Views\admin\index\log.php on line 2.
 1 APPPATH\Views\admin\index\log.php(2): CodeIgniter\Debug\Exceptions->errorHandler(2, 'include(template/sidebar.php): Failed to open stream: No such file or directory', 'C:\\laragon\\www\\marmutben-codeigniter4\\app\\Views\\admin\\index\\log.php', 2)
 2 APPPATH\Views\admin\index\log.php(2): include()
 3 SYSTEMPATH\View\View.php(228): include('C:\\laragon\\www\\marmutben-codeigniter4\\app\\Views\\admin\\index\\log.php')
 4 SYSTEMPATH\View\View.php(231): CodeIgniter\View\View->CodeIgniter\View\{closure}()
 5 SYSTEMPATH\Common.php(1190): CodeIgniter\View\View->render('admin/index/log', [], true)
 6 APPPATH\Controllers\AdminHome.php(18): view('admin/index/log')
 7 SYSTEMPATH\CodeIgniter.php(942): App\Controllers\AdminHome->log()
 8 SYSTEMPATH\CodeIgniter.php(502): CodeIgniter\CodeIgniter->runController(Object(App\Controllers\AdminHome))
 9 SYSTEMPATH\CodeIgniter.php(361): CodeIgniter\CodeIgniter->handleRequest(null, Object(Config\Cache), false)
10 FCPATH\index.php(79): CodeIgniter\CodeIgniter->run()
CRITICAL - 2023-10-29 06:45:15 --> Call to undefined function getLog()
in APPPATH\Views\admin\index\log.php on line 23.
 1 SYSTEMPATH\View\View.php(228): include()
 2 SYSTEMPATH\View\View.php(231): CodeIgniter\View\View->CodeIgniter\View\{closure}()
 3 SYSTEMPATH\Common.php(1190): CodeIgniter\View\View->render('admin/index/log', [], true)
 4 APPPATH\Controllers\AdminHome.php(18): view('admin/index/log')
 5 SYSTEMPATH\CodeIgniter.php(942): App\Controllers\AdminHome->log()
 6 SYSTEMPATH\CodeIgniter.php(502): CodeIgniter\CodeIgniter->runController(Object(App\Controllers\AdminHome))
 7 SYSTEMPATH\CodeIgniter.php(361): CodeIgniter\CodeIgniter->handleRequest(null, Object(Config\Cache), false)
 8 FCPATH\index.php(79): CodeIgniter\CodeIgniter->run()
CRITICAL - 2023-10-29 06:51:58 --> Call to undefined function getLog()
in APPPATH\Views\admin\index\log.php on line 23.
 1 SYSTEMPATH\View\View.php(228): include()
 2 SYSTEMPATH\View\View.php(231): CodeIgniter\View\View->CodeIgniter\View\{closure}()
 3 SYSTEMPATH\Common.php(1190): CodeIgniter\View\View->render('admin/index/log', [], true)
 4 APPPATH\Controllers\AdminHome.php(21): view('admin/index/log', [...])
 5 SYSTEMPATH\CodeIgniter.php(942): App\Controllers\AdminHome->log()
 6 SYSTEMPATH\CodeIgniter.php(502): CodeIgniter\CodeIgniter->runController(Object(App\Controllers\AdminHome))
 7 SYSTEMPATH\CodeIgniter.php(361): CodeIgniter\CodeIgniter->handleRequest(null, Object(Config\Cache), false)
 8 FCPATH\index.php(79): CodeIgniter\CodeIgniter->run()
CRITICAL - 2023-10-29 06:52:07 --> Undefined variable $dataLog
in APPPATH\Views\admin\index\log.php on line 96.
 1 APPPATH\Views\admin\index\log.php(96): CodeIgniter\Debug\Exceptions->errorHandler(2, 'Undefined variable $dataLog', 'C:\\laragon\\www\\marmutben-codeigniter4\\app\\Views\\admin\\index\\log.php', 96)
 2 SYSTEMPATH\View\View.php(228): include('C:\\laragon\\www\\marmutben-codeigniter4\\app\\Views\\admin\\index\\log.php')
 3 SYSTEMPATH\View\View.php(231): CodeIgniter\View\View->CodeIgniter\View\{closure}()
 4 SYSTEMPATH\Common.php(1190): CodeIgniter\View\View->render('admin/index/log', [], true)
 5 APPPATH\Controllers\AdminHome.php(21): view('admin/index/log', [...])
 6 SYSTEMPATH\CodeIgniter.php(942): App\Controllers\AdminHome->log()
 7 SYSTEMPATH\CodeIgniter.php(502): CodeIgniter\CodeIgniter->runController(Object(App\Controllers\AdminHome))
 8 SYSTEMPATH\CodeIgniter.php(361): CodeIgniter\CodeIgniter->handleRequest(null, Object(Config\Cache), false)
 9 FCPATH\index.php(79): CodeIgniter\CodeIgniter->run()
CRITICAL - 2023-10-29 06:52:15 --> include(template/footer.php): Failed to open stream: No such file or directory
in APPPATH\Views\admin\index\log.php on line 134.
 1 APPPATH\Views\admin\index\log.php(134): CodeIgniter\Debug\Exceptions->errorHandler(2, 'include(template/footer.php): Failed to open stream: No such file or directory', 'C:\\laragon\\www\\marmutben-codeigniter4\\app\\Views\\admin\\index\\log.php', 134)
 2 APPPATH\Views\admin\index\log.php(134): include()
 3 SYSTEMPATH\View\View.php(228): include('C:\\laragon\\www\\marmutben-codeigniter4\\app\\Views\\admin\\index\\log.php')
 4 SYSTEMPATH\View\View.php(231): CodeIgniter\View\View->CodeIgniter\View\{closure}()
 5 SYSTEMPATH\Common.php(1190): CodeIgniter\View\View->render('admin/index/log', [], true)
 6 APPPATH\Controllers\AdminHome.php(21): view('admin/index/log', [...])
 7 SYSTEMPATH\CodeIgniter.php(942): App\Controllers\AdminHome->log()
 8 SYSTEMPATH\CodeIgniter.php(502): CodeIgniter\CodeIgniter->runController(Object(App\Controllers\AdminHome))
 9 SYSTEMPATH\CodeIgniter.php(361): CodeIgniter\CodeIgniter->handleRequest(null, Object(Config\Cache), false)
10 FCPATH\index.php(79): CodeIgniter\CodeIgniter->run()
CRITICAL - 2023-10-29 07:06:20 --> Undefined variable $postData
in APPPATH\Controllers\AdminHome.php on line 18.
 1 APPPATH\Controllers\AdminHome.php(18): CodeIgniter\Debug\Exceptions->errorHandler(2, 'Undefined variable $postData', 'C:\\laragon\\www\\marmutben-codeigniter4\\app\\Controllers\\AdminHome.php', 18)
 2 SYSTEMPATH\CodeIgniter.php(942): App\Controllers\AdminHome->log()
 3 SYSTEMPATH\CodeIgniter.php(502): CodeIgniter\CodeIgniter->runController(Object(App\Controllers\AdminHome))
 4 SYSTEMPATH\CodeIgniter.php(361): CodeIgniter\CodeIgniter->handleRequest(null, Object(Config\Cache), false)
 5 FCPATH\index.php(79): CodeIgniter\CodeIgniter->run()
CRITICAL - 2023-10-29 07:06:32 --> Undefined array key "first_date"
in APPPATH\Controllers\AdminHome.php on line 20.
 1 APPPATH\Controllers\AdminHome.php(20): CodeIgniter\Debug\Exceptions->errorHandler(2, 'Undefined array key "first_date"', 'C:\\laragon\\www\\marmutben-codeigniter4\\app\\Controllers\\AdminHome.php', 20)
 2 SYSTEMPATH\CodeIgniter.php(942): App\Controllers\AdminHome->log()
 3 SYSTEMPATH\CodeIgniter.php(502): CodeIgniter\CodeIgniter->runController(Object(App\Controllers\AdminHome))
 4 SYSTEMPATH\CodeIgniter.php(361): CodeIgniter\CodeIgniter->handleRequest(null, Object(Config\Cache), false)
 5 FCPATH\index.php(79): CodeIgniter\CodeIgniter->run()
CRITICAL - 2023-10-29 07:08:21 --> Undefined variable $lastdate
in APPPATH\Controllers\AdminHome.php on line 29.
 1 APPPATH\Controllers\AdminHome.php(29): CodeIgniter\Debug\Exceptions->errorHandler(2, 'Undefined variable $lastdate', 'C:\\laragon\\www\\marmutben-codeigniter4\\app\\Controllers\\AdminHome.php', 29)
 2 SYSTEMPATH\CodeIgniter.php(942): App\Controllers\AdminHome->log()
 3 SYSTEMPATH\CodeIgniter.php(502): CodeIgniter\CodeIgniter->runController(Object(App\Controllers\AdminHome))
 4 SYSTEMPATH\CodeIgniter.php(361): CodeIgniter\CodeIgniter->handleRequest(null, Object(Config\Cache), false)
 5 FCPATH\index.php(79): CodeIgniter\CodeIgniter->run()
CRITICAL - 2023-10-29 07:28:14 --> include(template/sidebar.php): Failed to open stream: No such file or directory
in APPPATH\Views\admin\best_seller\index.php on line 2.
 1 APPPATH\Views\admin\best_seller\index.php(2): CodeIgniter\Debug\Exceptions->errorHandler(2, 'include(template/sidebar.php): Failed to open stream: No such file or directory', 'C:\\laragon\\www\\marmutben-codeigniter4\\app\\Views\\admin\\best_seller\\index.php', 2)
 2 APPPATH\Views\admin\best_seller\index.php(2): include()
 3 SYSTEMPATH\View\View.php(228): include('C:\\laragon\\www\\marmutben-codeigniter4\\app\\Views\\admin\\best_seller\\index.php')
 4 SYSTEMPATH\View\View.php(231): CodeIgniter\View\View->CodeIgniter\View\{closure}()
 5 SYSTEMPATH\Common.php(1190): CodeIgniter\View\View->render('admin/best_seller/index', [], true)
 6 APPPATH\Controllers\AdminBestSeller.php(10): view('admin/best_seller/index')
 7 SYSTEMPATH\CodeIgniter.php(942): App\Controllers\AdminBestSeller->index()
 8 SYSTEMPATH\CodeIgniter.php(502): CodeIgniter\CodeIgniter->runController(Object(App\Controllers\AdminBestSeller))
 9 SYSTEMPATH\CodeIgniter.php(361): CodeIgniter\CodeIgniter->handleRequest(null, Object(Config\Cache), false)
10 FCPATH\index.php(79): CodeIgniter\CodeIgniter->run()
CRITICAL - 2023-10-29 07:28:15 --> Undefined variable $firstDateValue
in APPPATH\Views\admin\index\log.php on line 45.
 1 APPPATH\Views\admin\index\log.php(45): CodeIgniter\Debug\Exceptions->errorHandler(2, 'Undefined variable $firstDateValue', 'C:\\laragon\\www\\marmutben-codeigniter4\\app\\Views\\admin\\index\\log.php', 45)
 2 SYSTEMPATH\View\View.php(228): include('C:\\laragon\\www\\marmutben-codeigniter4\\app\\Views\\admin\\index\\log.php')
 3 SYSTEMPATH\View\View.php(231): CodeIgniter\View\View->CodeIgniter\View\{closure}()
 4 SYSTEMPATH\Common.php(1190): CodeIgniter\View\View->render('admin/index/log', [], true)
 5 APPPATH\Controllers\AdminHome.php(31): view('admin/index/log', [...])
 6 SYSTEMPATH\CodeIgniter.php(942): App\Controllers\AdminHome->log()
 7 SYSTEMPATH\CodeIgniter.php(502): CodeIgniter\CodeIgniter->runController(Object(App\Controllers\AdminHome))
 8 SYSTEMPATH\CodeIgniter.php(361): CodeIgniter\CodeIgniter->handleRequest(null, Object(Config\Cache), false)
 9 FCPATH\index.php(79): CodeIgniter\CodeIgniter->run()
CRITICAL - 2023-10-29 07:28:32 --> include(template/sidebar.php): Failed to open stream: No such file or directory
in APPPATH\Views\admin\best_seller\index.php on line 2.
 1 APPPATH\Views\admin\best_seller\index.php(2): CodeIgniter\Debug\Exceptions->errorHandler(2, 'include(template/sidebar.php): Failed to open stream: No such file or directory', 'C:\\laragon\\www\\marmutben-codeigniter4\\app\\Views\\admin\\best_seller\\index.php', 2)
 2 APPPATH\Views\admin\best_seller\index.php(2): include()
 3 SYSTEMPATH\View\View.php(228): include('C:\\laragon\\www\\marmutben-codeigniter4\\app\\Views\\admin\\best_seller\\index.php')
 4 SYSTEMPATH\View\View.php(231): CodeIgniter\View\View->CodeIgniter\View\{closure}()
 5 SYSTEMPATH\Common.php(1190): CodeIgniter\View\View->render('admin/best_seller/index', [], true)
 6 APPPATH\Controllers\AdminBestSeller.php(10): view('admin/best_seller/index')
 7 SYSTEMPATH\CodeIgniter.php(942): App\Controllers\AdminBestSeller->index()
 8 SYSTEMPATH\CodeIgniter.php(502): CodeIgniter\CodeIgniter->runController(Object(App\Controllers\AdminBestSeller))
 9 SYSTEMPATH\CodeIgniter.php(361): CodeIgniter\CodeIgniter->handleRequest(null, Object(Config\Cache), false)
10 FCPATH\index.php(79): CodeIgniter\CodeIgniter->run()
CRITICAL - 2023-10-29 07:28:52 --> Call to undefined function getBestSeller()
in APPPATH\Views\admin\best_seller\index.php on line 51.
 1 SYSTEMPATH\View\View.php(228): include()
 2 SYSTEMPATH\View\View.php(231): CodeIgniter\View\View->CodeIgniter\View\{closure}()
 3 SYSTEMPATH\Common.php(1190): CodeIgniter\View\View->render('admin/best_seller/index', [], true)
 4 APPPATH\Controllers\AdminBestSeller.php(10): view('admin/best_seller/index')
 5 SYSTEMPATH\CodeIgniter.php(942): App\Controllers\AdminBestSeller->index()
 6 SYSTEMPATH\CodeIgniter.php(502): CodeIgniter\CodeIgniter->runController(Object(App\Controllers\AdminBestSeller))
 7 SYSTEMPATH\CodeIgniter.php(361): CodeIgniter\CodeIgniter->handleRequest(null, Object(Config\Cache), false)
 8 FCPATH\index.php(79): CodeIgniter\CodeIgniter->run()
CRITICAL - 2023-10-29 07:37:26 --> Call to undefined function getBestSeller()
in APPPATH\Views\admin\best_seller\index.php on line 51.
 1 SYSTEMPATH\View\View.php(228): include()
 2 SYSTEMPATH\View\View.php(231): CodeIgniter\View\View->CodeIgniter\View\{closure}()
 3 SYSTEMPATH\Common.php(1190): CodeIgniter\View\View->render('admin/best_seller/index', [], true)
 4 APPPATH\Controllers\AdminBestSeller.php(13): view('admin/best_seller/index', [...])
 5 SYSTEMPATH\CodeIgniter.php(942): App\Controllers\AdminBestSeller->index()
 6 SYSTEMPATH\CodeIgniter.php(502): CodeIgniter\CodeIgniter->runController(Object(App\Controllers\AdminBestSeller))
 7 SYSTEMPATH\CodeIgniter.php(361): CodeIgniter\CodeIgniter->handleRequest(null, Object(Config\Cache), false)
 8 FCPATH\index.php(79): CodeIgniter\CodeIgniter->run()
CRITICAL - 2023-10-29 08:14:07 --> Undefined array key "widget_id"
in APPPATH\Views\admin\best_seller\edit.php on line 5.
 1 APPPATH\Views\admin\best_seller\edit.php(5): CodeIgniter\Debug\Exceptions->errorHandler(2, 'Undefined array key "widget_id"', 'C:\\laragon\\www\\marmutben-codeigniter4\\app\\Views\\admin\\best_seller\\edit.php', 5)
 2 SYSTEMPATH\View\View.php(228): include('C:\\laragon\\www\\marmutben-codeigniter4\\app\\Views\\admin\\best_seller\\edit.php')
 3 SYSTEMPATH\View\View.php(231): CodeIgniter\View\View->CodeIgniter\View\{closure}()
 4 SYSTEMPATH\Common.php(1190): CodeIgniter\View\View->render('admin/best_seller/edit', [], true)
 5 APPPATH\Controllers\AdminBestSeller.php(17): view('admin/best_seller/edit')
 6 SYSTEMPATH\CodeIgniter.php(942): App\Controllers\AdminBestSeller->edit('1', '7')
 7 SYSTEMPATH\CodeIgniter.php(502): CodeIgniter\CodeIgniter->runController(Object(App\Controllers\AdminBestSeller))
 8 SYSTEMPATH\CodeIgniter.php(361): CodeIgniter\CodeIgniter->handleRequest(null, Object(Config\Cache), false)
 9 FCPATH\index.php(79): CodeIgniter\CodeIgniter->run()
CRITICAL - 2023-10-29 08:15:52 --> Call to undefined function checkMarmut()
in APPPATH\Views\admin\best_seller\edit.php on line 5.
 1 SYSTEMPATH\View\View.php(228): include()
 2 SYSTEMPATH\View\View.php(231): CodeIgniter\View\View->CodeIgniter\View\{closure}()
 3 SYSTEMPATH\Common.php(1190): CodeIgniter\View\View->render('admin/best_seller/edit', [], true)
 4 APPPATH\Controllers\AdminBestSeller.php(17): view('admin/best_seller/edit')
 5 SYSTEMPATH\CodeIgniter.php(942): App\Controllers\AdminBestSeller->edit('1', '7')
 6 SYSTEMPATH\CodeIgniter.php(502): CodeIgniter\CodeIgniter->runController(Object(App\Controllers\AdminBestSeller))
 7 SYSTEMPATH\CodeIgniter.php(361): CodeIgniter\CodeIgniter->handleRequest(null, Object(Config\Cache), false)
 8 FCPATH\index.php(79): CodeIgniter\CodeIgniter->run()
CRITICAL - 2023-10-29 08:22:14 --> Undefined array key "widget_id"
in APPPATH\Views\admin\best_seller\edit.php on line 12.
 1 APPPATH\Views\admin\best_seller\edit.php(12): CodeIgniter\Debug\Exceptions->errorHandler(2, 'Undefined array key "widget_id"', 'C:\\laragon\\www\\marmutben-codeigniter4\\app\\Views\\admin\\best_seller\\edit.php', 12)
 2 SYSTEMPATH\View\View.php(228): include('C:\\laragon\\www\\marmutben-codeigniter4\\app\\Views\\admin\\best_seller\\edit.php')
 3 SYSTEMPATH\View\View.php(231): CodeIgniter\View\View->CodeIgniter\View\{closure}()
 4 SYSTEMPATH\Common.php(1190): CodeIgniter\View\View->render('admin/best_seller/edit', [], true)
 5 APPPATH\Controllers\AdminBestSeller.php(30): view('admin/best_seller/edit', [...])
 6 SYSTEMPATH\CodeIgniter.php(942): App\Controllers\AdminBestSeller->edit('1', '7')
 7 SYSTEMPATH\CodeIgniter.php(502): CodeIgniter\CodeIgniter->runController(Object(App\Controllers\AdminBestSeller))
 8 SYSTEMPATH\CodeIgniter.php(361): CodeIgniter\CodeIgniter->handleRequest(null, Object(Config\Cache), false)
 9 FCPATH\index.php(79): CodeIgniter\CodeIgniter->run()
CRITICAL - 2023-10-29 08:22:49 --> Undefined variable $widget_id
in APPPATH\Views\admin\best_seller\edit.php on line 12.
 1 APPPATH\Views\admin\best_seller\edit.php(12): CodeIgniter\Debug\Exceptions->errorHandler(2, 'Undefined variable $widget_id', 'C:\\laragon\\www\\marmutben-codeigniter4\\app\\Views\\admin\\best_seller\\edit.php', 12)
 2 SYSTEMPATH\View\View.php(228): include('C:\\laragon\\www\\marmutben-codeigniter4\\app\\Views\\admin\\best_seller\\edit.php')
 3 SYSTEMPATH\View\View.php(231): CodeIgniter\View\View->CodeIgniter\View\{closure}()
 4 SYSTEMPATH\Common.php(1190): CodeIgniter\View\View->render('admin/best_seller/edit', [], true)
 5 APPPATH\Controllers\AdminBestSeller.php(30): view('admin/best_seller/edit', [...])
 6 SYSTEMPATH\CodeIgniter.php(942): App\Controllers\AdminBestSeller->edit('1', '7')
 7 SYSTEMPATH\CodeIgniter.php(502): CodeIgniter\CodeIgniter->runController(Object(App\Controllers\AdminBestSeller))
 8 SYSTEMPATH\CodeIgniter.php(361): CodeIgniter\CodeIgniter->handleRequest(null, Object(Config\Cache), false)
 9 FCPATH\index.php(79): CodeIgniter\CodeIgniter->run()
CRITICAL - 2023-10-29 08:23:22 --> Undefined array key "widget_id"
in APPPATH\Views\admin\best_seller\edit.php on line 17.
 1 APPPATH\Views\admin\best_seller\edit.php(17): CodeIgniter\Debug\Exceptions->errorHandler(2, 'Undefined array key "widget_id"', 'C:\\laragon\\www\\marmutben-codeigniter4\\app\\Views\\admin\\best_seller\\edit.php', 17)
 2 SYSTEMPATH\View\View.php(228): include('C:\\laragon\\www\\marmutben-codeigniter4\\app\\Views\\admin\\best_seller\\edit.php')
 3 SYSTEMPATH\View\View.php(231): CodeIgniter\View\View->CodeIgniter\View\{closure}()
 4 SYSTEMPATH\Common.php(1190): CodeIgniter\View\View->render('admin/best_seller/edit', [], true)
 5 APPPATH\Controllers\AdminBestSeller.php(31): view('admin/best_seller/edit', [...])
 6 SYSTEMPATH\CodeIgniter.php(942): App\Controllers\AdminBestSeller->edit('1', '7')
 7 SYSTEMPATH\CodeIgniter.php(502): CodeIgniter\CodeIgniter->runController(Object(App\Controllers\AdminBestSeller))
 8 SYSTEMPATH\CodeIgniter.php(361): CodeIgniter\CodeIgniter->handleRequest(null, Object(Config\Cache), false)
 9 FCPATH\index.php(79): CodeIgniter\CodeIgniter->run()
CRITICAL - 2023-10-29 08:23:34 --> Undefined variable $getMarmut
in APPPATH\Views\admin\best_seller\edit.php on line 43.
 1 APPPATH\Views\admin\best_seller\edit.php(43): CodeIgniter\Debug\Exceptions->errorHandler(2, 'Undefined variable $getMarmut', 'C:\\laragon\\www\\marmutben-codeigniter4\\app\\Views\\admin\\best_seller\\edit.php', 43)
 2 SYSTEMPATH\View\View.php(228): include('C:\\laragon\\www\\marmutben-codeigniter4\\app\\Views\\admin\\best_seller\\edit.php')
 3 SYSTEMPATH\View\View.php(231): CodeIgniter\View\View->CodeIgniter\View\{closure}()
 4 SYSTEMPATH\Common.php(1190): CodeIgniter\View\View->render('admin/best_seller/edit', [], true)
 5 APPPATH\Controllers\AdminBestSeller.php(31): view('admin/best_seller/edit', [...])
 6 SYSTEMPATH\CodeIgniter.php(942): App\Controllers\AdminBestSeller->edit('1', '7')
 7 SYSTEMPATH\CodeIgniter.php(502): CodeIgniter\CodeIgniter->runController(Object(App\Controllers\AdminBestSeller))
 8 SYSTEMPATH\CodeIgniter.php(361): CodeIgniter\CodeIgniter->handleRequest(null, Object(Config\Cache), false)
 9 FCPATH\index.php(79): CodeIgniter\CodeIgniter->run()
CRITICAL - 2023-10-29 08:31:14 --> Call to undefined function App\Controllers\updateBestSeller()
in APPPATH\Controllers\AdminBestSeller.php on line 41.
 1 SYSTEMPATH\CodeIgniter.php(942): App\Controllers\AdminBestSeller->action_edit()
 2 SYSTEMPATH\CodeIgniter.php(502): CodeIgniter\CodeIgniter->runController(Object(App\Controllers\AdminBestSeller))
 3 SYSTEMPATH\CodeIgniter.php(361): CodeIgniter\CodeIgniter->handleRequest(null, Object(Config\Cache), false)
 4 FCPATH\index.php(79): CodeIgniter\CodeIgniter->run()
CRITICAL - 2023-10-29 08:31:41 --> Call to a member function getResultArray() on bool
in APPPATH\Models\MAdminbestseller.php on line 75.
 1 APPPATH\Controllers\AdminBestSeller.php(42): App\Models\MAdminbestseller->updateBestSeller('1', '7', '135')
 2 SYSTEMPATH\CodeIgniter.php(942): App\Controllers\AdminBestSeller->action_edit()
 3 SYSTEMPATH\CodeIgniter.php(502): CodeIgniter\CodeIgniter->runController(Object(App\Controllers\AdminBestSeller))
 4 SYSTEMPATH\CodeIgniter.php(361): CodeIgniter\CodeIgniter->handleRequest(null, Object(Config\Cache), false)
 5 FCPATH\index.php(79): CodeIgniter\CodeIgniter->run()
CRITICAL - 2023-10-29 08:37:08 --> Invalid file: "admin/marmut_list/index.php"
in SYSTEMPATH\Exceptions\FrameworkException.php on line 39.
 1 SYSTEMPATH\View\View.php(216): CodeIgniter\Exceptions\FrameworkException::forInvalidFile('admin/marmut_list/index.php')
 2 SYSTEMPATH\Common.php(1190): CodeIgniter\View\View->render('admin/marmut_list/index', [], true)
 3 APPPATH\Controllers\AdminMarmutList.php(10): view('admin/marmut_list/index')
 4 SYSTEMPATH\CodeIgniter.php(942): App\Controllers\AdminMarmutList->index()
 5 SYSTEMPATH\CodeIgniter.php(502): CodeIgniter\CodeIgniter->runController(Object(App\Controllers\AdminMarmutList))
 6 SYSTEMPATH\CodeIgniter.php(361): CodeIgniter\CodeIgniter->handleRequest(null, Object(Config\Cache), false)
 7 FCPATH\index.php(79): CodeIgniter\CodeIgniter->run()
CRITICAL - 2023-10-29 08:37:26 --> include(template/sidebar.php): Failed to open stream: No such file or directory
in APPPATH\Views\admin\marmut_list\index.php on line 2.
 1 APPPATH\Views\admin\marmut_list\index.php(2): CodeIgniter\Debug\Exceptions->errorHandler(2, 'include(template/sidebar.php): Failed to open stream: No such file or directory', 'C:\\laragon\\www\\marmutben-codeigniter4\\app\\Views\\admin\\marmut_list\\index.php', 2)
 2 APPPATH\Views\admin\marmut_list\index.php(2): include()
 3 SYSTEMPATH\View\View.php(228): include('C:\\laragon\\www\\marmutben-codeigniter4\\app\\Views\\admin\\marmut_list\\index.php')
 4 SYSTEMPATH\View\View.php(231): CodeIgniter\View\View->CodeIgniter\View\{closure}()
 5 SYSTEMPATH\Common.php(1190): CodeIgniter\View\View->render('admin/marmut_list/index', [], true)
 6 APPPATH\Controllers\AdminMarmutList.php(10): view('admin/marmut_list/index')
 7 SYSTEMPATH\CodeIgniter.php(942): App\Controllers\AdminMarmutList->index()
 8 SYSTEMPATH\CodeIgniter.php(502): CodeIgniter\CodeIgniter->runController(Object(App\Controllers\AdminMarmutList))
 9 SYSTEMPATH\CodeIgniter.php(361): CodeIgniter\CodeIgniter->handleRequest(null, Object(Config\Cache), false)
10 FCPATH\index.php(79): CodeIgniter\CodeIgniter->run()
CRITICAL - 2023-10-29 08:38:02 --> Call to a member function query() on null
in FCPATH\core\core_functions.php on line 228.
 1 APPPATH\Views\admin\marmut_list\index.php(51): getListMarmut()
 2 SYSTEMPATH\View\View.php(228): include('C:\\laragon\\www\\marmutben-codeigniter4\\app\\Views\\admin\\marmut_list\\index.php')
 3 SYSTEMPATH\View\View.php(231): CodeIgniter\View\View->CodeIgniter\View\{closure}()
 4 SYSTEMPATH\Common.php(1190): CodeIgniter\View\View->render('admin/marmut_list/index', [], true)
 5 APPPATH\Controllers\AdminMarmutList.php(10): view('admin/marmut_list/index')
 6 SYSTEMPATH\CodeIgniter.php(942): App\Controllers\AdminMarmutList->index()
 7 SYSTEMPATH\CodeIgniter.php(502): CodeIgniter\CodeIgniter->runController(Object(App\Controllers\AdminMarmutList))
 8 SYSTEMPATH\CodeIgniter.php(361): CodeIgniter\CodeIgniter->handleRequest(null, Object(Config\Cache), false)
 9 FCPATH\index.php(79): CodeIgniter\CodeIgniter->run()
CRITICAL - 2023-10-29 08:48:18 --> Undefined array key "id"
in APPPATH\Views\admin\marmut_list\edit.php on line 5.
 1 APPPATH\Views\admin\marmut_list\edit.php(5): CodeIgniter\Debug\Exceptions->errorHandler(2, 'Undefined array key "id"', 'C:\\laragon\\www\\marmutben-codeigniter4\\app\\Views\\admin\\marmut_list\\edit.php', 5)
 2 SYSTEMPATH\View\View.php(228): include('C:\\laragon\\www\\marmutben-codeigniter4\\app\\Views\\admin\\marmut_list\\edit.php')
 3 SYSTEMPATH\View\View.php(231): CodeIgniter\View\View->CodeIgniter\View\{closure}()
 4 SYSTEMPATH\Common.php(1190): CodeIgniter\View\View->render('admin/marmut_list/edit', [], true)
 5 APPPATH\Controllers\AdminMarmutList.php(28): view('admin/marmut_list/edit')
 6 SYSTEMPATH\CodeIgniter.php(942): App\Controllers\AdminMarmutList->edit('29')
 7 SYSTEMPATH\CodeIgniter.php(502): CodeIgniter\CodeIgniter->runController(Object(App\Controllers\AdminMarmutList))
 8 SYSTEMPATH\CodeIgniter.php(361): CodeIgniter\CodeIgniter->handleRequest(null, Object(Config\Cache), false)
 9 FCPATH\index.php(79): CodeIgniter\CodeIgniter->run()
CRITICAL - 2023-10-29 08:48:30 --> Undefined variable $getMarmut
in APPPATH\Views\admin\marmut_list\edit.php on line 39.
 1 APPPATH\Views\admin\marmut_list\edit.php(39): CodeIgniter\Debug\Exceptions->errorHandler(2, 'Undefined variable $getMarmut', 'C:\\laragon\\www\\marmutben-codeigniter4\\app\\Views\\admin\\marmut_list\\edit.php', 39)
 2 SYSTEMPATH\View\View.php(228): include('C:\\laragon\\www\\marmutben-codeigniter4\\app\\Views\\admin\\marmut_list\\edit.php')
 3 SYSTEMPATH\View\View.php(231): CodeIgniter\View\View->CodeIgniter\View\{closure}()
 4 SYSTEMPATH\Common.php(1190): CodeIgniter\View\View->render('admin/marmut_list/edit', [], true)
 5 APPPATH\Controllers\AdminMarmutList.php(28): view('admin/marmut_list/edit')
 6 SYSTEMPATH\CodeIgniter.php(942): App\Controllers\AdminMarmutList->edit('29')
 7 SYSTEMPATH\CodeIgniter.php(502): CodeIgniter\CodeIgniter->runController(Object(App\Controllers\AdminMarmutList))
 8 SYSTEMPATH\CodeIgniter.php(361): CodeIgniter\CodeIgniter->handleRequest(null, Object(Config\Cache), false)
 9 FCPATH\index.php(79): CodeIgniter\CodeIgniter->run()
CRITICAL - 2023-10-29 09:00:33 --> Undefined array key "widget_id"
in APPPATH\Controllers\AdminBestSeller.php on line 37.
 1 APPPATH\Controllers\AdminBestSeller.php(37): CodeIgniter\Debug\Exceptions->errorHandler(2, 'Undefined array key "widget_id"', 'C:\\laragon\\www\\marmutben-codeigniter4\\app\\Controllers\\AdminBestSeller.php', 37)
 2 SYSTEMPATH\CodeIgniter.php(942): App\Controllers\AdminBestSeller->action_edit()
 3 SYSTEMPATH\CodeIgniter.php(502): CodeIgniter\CodeIgniter->runController(Object(App\Controllers\AdminBestSeller))
 4 SYSTEMPATH\CodeIgniter.php(361): CodeIgniter\CodeIgniter->handleRequest(null, Object(Config\Cache), false)
 5 FCPATH\index.php(79): CodeIgniter\CodeIgniter->run()
CRITICAL - 2023-10-29 09:26:25 --> Call to a member function getResultArray() on bool
in APPPATH\Models\MAdminmarmutlist.php on line 101.
 1 APPPATH\Controllers\AdminMarmutList.php(81): App\Models\MAdminmarmutlist->updateMarmutData('', 'Marmut Jem Jem', '1', '<p>dsfsdfs</p>', '50000', '29')
 2 SYSTEMPATH\CodeIgniter.php(942): App\Controllers\AdminMarmutList->action_edit()
 3 SYSTEMPATH\CodeIgniter.php(502): CodeIgniter\CodeIgniter->runController(Object(App\Controllers\AdminMarmutList))
 4 SYSTEMPATH\CodeIgniter.php(361): CodeIgniter\CodeIgniter->handleRequest(null, Object(Config\Cache), false)
 5 FCPATH\index.php(79): CodeIgniter\CodeIgniter->run()
CRITICAL - 2023-10-29 09:27:01 --> Array to string conversion
in APPPATH\Controllers\AdminMarmutList.php on line 101.
 1 APPPATH\Controllers\AdminMarmutList.php(101): CodeIgniter\Debug\Exceptions->errorHandler(2, 'Array to string conversion', 'C:\\laragon\\www\\marmutben-codeigniter4\\app\\Controllers\\AdminMarmutList.php', 101)
 2 SYSTEMPATH\CodeIgniter.php(942): App\Controllers\AdminMarmutList->action_edit()
 3 SYSTEMPATH\CodeIgniter.php(502): CodeIgniter\CodeIgniter->runController(Object(App\Controllers\AdminMarmutList))
 4 SYSTEMPATH\CodeIgniter.php(361): CodeIgniter\CodeIgniter->handleRequest(null, Object(Config\Cache), false)
 5 FCPATH\index.php(79): CodeIgniter\CodeIgniter->run()
CRITICAL - 2023-10-29 09:28:16 --> Call to undefined function App\Controllers\logRecord()
in APPPATH\Controllers\AdminMarmutList.php on line 103.
 1 SYSTEMPATH\CodeIgniter.php(942): App\Controllers\AdminMarmutList->action_edit()
 2 SYSTEMPATH\CodeIgniter.php(502): CodeIgniter\CodeIgniter->runController(Object(App\Controllers\AdminMarmutList))
 3 SYSTEMPATH\CodeIgniter.php(361): CodeIgniter\CodeIgniter->handleRequest(null, Object(Config\Cache), false)
 4 FCPATH\index.php(79): CodeIgniter\CodeIgniter->run()
CRITICAL - 2023-10-29 09:31:44 --> Array to string conversion
in APPPATH\Controllers\AdminMarmutList.php on line 101.
 1 APPPATH\Controllers\AdminMarmutList.php(101): CodeIgniter\Debug\Exceptions->errorHandler(2, 'Array to string conversion', 'C:\\laragon\\www\\marmutben-codeigniter4\\app\\Controllers\\AdminMarmutList.php', 101)
 2 SYSTEMPATH\CodeIgniter.php(942): App\Controllers\AdminMarmutList->action_edit()
 3 SYSTEMPATH\CodeIgniter.php(502): CodeIgniter\CodeIgniter->runController(Object(App\Controllers\AdminMarmutList))
 4 SYSTEMPATH\CodeIgniter.php(361): CodeIgniter\CodeIgniter->handleRequest(null, Object(Config\Cache), false)
 5 FCPATH\index.php(79): CodeIgniter\CodeIgniter->run()
CRITICAL - 2023-10-29 09:32:47 --> Undefined array key "Jenis Marmut"
in APPPATH\Controllers\AdminMarmutList.php on line 100.
 1 APPPATH\Controllers\AdminMarmutList.php(100): CodeIgniter\Debug\Exceptions->errorHandler(2, 'Undefined array key "Jenis Marmut"', 'C:\\laragon\\www\\marmutben-codeigniter4\\app\\Controllers\\AdminMarmutList.php', 100)
 2 SYSTEMPATH\CodeIgniter.php(942): App\Controllers\AdminMarmutList->action_edit()
 3 SYSTEMPATH\CodeIgniter.php(502): CodeIgniter\CodeIgniter->runController(Object(App\Controllers\AdminMarmutList))
 4 SYSTEMPATH\CodeIgniter.php(361): CodeIgniter\CodeIgniter->handleRequest(null, Object(Config\Cache), false)
 5 FCPATH\index.php(79): CodeIgniter\CodeIgniter->run()
CRITICAL - 2023-10-29 09:35:07 --> fopen(http://192.168.100.91/marmutben-codeigniter4/images/index.html): Failed to open stream: HTTP wrapper does not support writeable connections
in SYSTEMPATH\HTTP\Files\UploadedFile.php on line 188.
 1 [internal function]: CodeIgniter\Debug\Exceptions->errorHandler(2, 'fopen(http://192.168.100.91/marmutben-codeigniter4/images/index.html): Failed to open stream: HTTP wrapper does not support writeable connections', 'C:\\laragon\\www\\marmutben-codeigniter4\\system\\HTTP\\Files\\UploadedFile.php', 188)
 2 SYSTEMPATH\HTTP\Files\UploadedFile.php(188): fopen('http://192.168.100.91/marmutben-codeigniter4/images/index.html', 'x+b')
 3 SYSTEMPATH\HTTP\Files\UploadedFile.php(139): CodeIgniter\HTTP\Files\UploadedFile->setPath('http://192.168.100.91/marmutben-codeigniter4/images/')
 4 APPPATH\Controllers\AdminMarmutList.php(70): CodeIgniter\HTTP\Files\UploadedFile->move('http://192.168.100.91/marmutben-codeigniter4/images/', 'marmut_653e274b5ff28.png')
 5 SYSTEMPATH\CodeIgniter.php(942): App\Controllers\AdminMarmutList->action_edit()
 6 SYSTEMPATH\CodeIgniter.php(502): CodeIgniter\CodeIgniter->runController(Object(App\Controllers\AdminMarmutList))
 7 SYSTEMPATH\CodeIgniter.php(361): CodeIgniter\CodeIgniter->handleRequest(null, Object(Config\Cache), false)
 8 FCPATH\index.php(79): CodeIgniter\CodeIgniter->run()
CRITICAL - 2023-10-29 09:36:17 --> fopen(http://192.168.100.91/marmutben-codeigniter4/images/index.html): Failed to open stream: HTTP wrapper does not support writeable connections
in SYSTEMPATH\HTTP\Files\UploadedFile.php on line 188.
 1 [internal function]: CodeIgniter\Debug\Exceptions->errorHandler(2, 'fopen(http://192.168.100.91/marmutben-codeigniter4/images/index.html): Failed to open stream: HTTP wrapper does not support writeable connections', 'C:\\laragon\\www\\marmutben-codeigniter4\\system\\HTTP\\Files\\UploadedFile.php', 188)
 2 SYSTEMPATH\HTTP\Files\UploadedFile.php(188): fopen('http://192.168.100.91/marmutben-codeigniter4/images/index.html', 'x+b')
 3 SYSTEMPATH\HTTP\Files\UploadedFile.php(139): CodeIgniter\HTTP\Files\UploadedFile->setPath('http://192.168.100.91/marmutben-codeigniter4/images/')
 4 APPPATH\Controllers\AdminMarmutList.php(70): CodeIgniter\HTTP\Files\UploadedFile->move('http://192.168.100.91/marmutben-codeigniter4/images/', 'marmut_653e2791e130d.png')
 5 SYSTEMPATH\CodeIgniter.php(942): App\Controllers\AdminMarmutList->action_edit()
 6 SYSTEMPATH\CodeIgniter.php(502): CodeIgniter\CodeIgniter->runController(Object(App\Controllers\AdminMarmutList))
 7 SYSTEMPATH\CodeIgniter.php(361): CodeIgniter\CodeIgniter->handleRequest(null, Object(Config\Cache), false)
 8 FCPATH\index.php(79): CodeIgniter\CodeIgniter->run()
CRITICAL - 2023-10-29 09:36:30 --> fopen(http://192.168.100.91/marmutben-codeigniter4/images/index.html): Failed to open stream: HTTP wrapper does not support writeable connections
in SYSTEMPATH\HTTP\Files\UploadedFile.php on line 188.
 1 [internal function]: CodeIgniter\Debug\Exceptions->errorHandler(2, 'fopen(http://192.168.100.91/marmutben-codeigniter4/images/index.html): Failed to open stream: HTTP wrapper does not support writeable connections', 'C:\\laragon\\www\\marmutben-codeigniter4\\system\\HTTP\\Files\\UploadedFile.php', 188)
 2 SYSTEMPATH\HTTP\Files\UploadedFile.php(188): fopen('http://192.168.100.91/marmutben-codeigniter4/images/index.html', 'x+b')
 3 SYSTEMPATH\HTTP\Files\UploadedFile.php(139): CodeIgniter\HTTP\Files\UploadedFile->setPath('http://192.168.100.91/marmutben-codeigniter4/images/')
 4 APPPATH\Controllers\AdminMarmutList.php(70): CodeIgniter\HTTP\Files\UploadedFile->move('http://192.168.100.91/marmutben-codeigniter4/images/', 'marmut_653e279e47167.png')
 5 SYSTEMPATH\CodeIgniter.php(942): App\Controllers\AdminMarmutList->action_edit()
 6 SYSTEMPATH\CodeIgniter.php(502): CodeIgniter\CodeIgniter->runController(Object(App\Controllers\AdminMarmutList))
 7 SYSTEMPATH\CodeIgniter.php(361): CodeIgniter\CodeIgniter->handleRequest(null, Object(Config\Cache), false)
 8 FCPATH\index.php(79): CodeIgniter\CodeIgniter->run()
CRITICAL - 2023-10-29 09:37:26 --> fopen(http://192.168.100.91/marmutben-codeigniter4/uploads/index.html): Failed to open stream: HTTP wrapper does not support writeable connections
in SYSTEMPATH\HTTP\Files\UploadedFile.php on line 188.
 1 [internal function]: CodeIgniter\Debug\Exceptions->errorHandler(2, 'fopen(http://192.168.100.91/marmutben-codeigniter4/uploads/index.html): Failed to open stream: HTTP wrapper does not support writeable connections', 'C:\\laragon\\www\\marmutben-codeigniter4\\system\\HTTP\\Files\\UploadedFile.php', 188)
 2 SYSTEMPATH\HTTP\Files\UploadedFile.php(188): fopen('http://192.168.100.91/marmutben-codeigniter4/uploads/index.html', 'x+b')
 3 SYSTEMPATH\HTTP\Files\UploadedFile.php(139): CodeIgniter\HTTP\Files\UploadedFile->setPath('http://192.168.100.91/marmutben-codeigniter4/uploads/')
 4 APPPATH\Controllers\AdminMarmutList.php(70): CodeIgniter\HTTP\Files\UploadedFile->move('http://192.168.100.91/marmutben-codeigniter4/uploads/', 'marmut_653e27d633d69.png')
 5 SYSTEMPATH\CodeIgniter.php(942): App\Controllers\AdminMarmutList->action_edit()
 6 SYSTEMPATH\CodeIgniter.php(502): CodeIgniter\CodeIgniter->runController(Object(App\Controllers\AdminMarmutList))
 7 SYSTEMPATH\CodeIgniter.php(361): CodeIgniter\CodeIgniter->handleRequest(null, Object(Config\Cache), false)
 8 FCPATH\index.php(79): CodeIgniter\CodeIgniter->run()
CRITICAL - 2023-10-29 09:42:12 --> mkdir(): No such file or directory
in SYSTEMPATH\HTTP\Files\UploadedFile.php on line 185.
 1 [internal function]: CodeIgniter\Debug\Exceptions->errorHandler(2, 'mkdir(): No such file or directory', 'C:\\laragon\\www\\marmutben-codeigniter4\\system\\HTTP\\Files\\UploadedFile.php', 185)
 2 SYSTEMPATH\HTTP\Files\UploadedFile.php(185): mkdir('C:\\laragon\\www\\marmutben-codeigniter4\\writable\\http://192.168.100.91/marmutben-codeigniter4/images/', 511, true)
 3 SYSTEMPATH\HTTP\Files\UploadedFile.php(139): CodeIgniter\HTTP\Files\UploadedFile->setPath('C:\\laragon\\www\\marmutben-codeigniter4\\writable\\http://192.168.100.91/marmutben-codeigniter4/images/')
 4 APPPATH\Controllers\AdminMarmutList.php(70): CodeIgniter\HTTP\Files\UploadedFile->move('C:\\laragon\\www\\marmutben-codeigniter4\\writable\\http://192.168.100.91/marmutben-codeigniter4/images/', 'marmut_653e28f4bc70f.png')
 5 SYSTEMPATH\CodeIgniter.php(942): App\Controllers\AdminMarmutList->action_edit()
 6 SYSTEMPATH\CodeIgniter.php(502): CodeIgniter\CodeIgniter->runController(Object(App\Controllers\AdminMarmutList))
 7 SYSTEMPATH\CodeIgniter.php(361): CodeIgniter\CodeIgniter->handleRequest(null, Object(Config\Cache), false)
 8 FCPATH\index.php(79): CodeIgniter\CodeIgniter->run()
